2023-09-28 03:38:38 [scrapy.core.scraper] ERROR: Spider error processing <GET https://cs.58.com/zufang/> (referer: None)
Traceback (most recent call last):
  File "C:\Users\bzz00\PycharmProjects\pythonProject\pythonProject1\venv\lib\site-packages\twisted\internet\defer.py", line 892, in _runCallbacks
    current.result = callback(  # type: ignore[misc]
  File "C:\Users\bzz00\PycharmProjects\pythonProject\pythonProject1\venv\lib\site-packages\scrapy\spiders\__init__.py", line 73, in _parse
    return self.parse(response, **kwargs)
  File "C:\Users\bzz00\PycharmProjects\pythonProject\pythonProject1\venv\lib\site-packages\scrapy\spiders\__init__.py", line 76, in parse
    raise NotImplementedError(
NotImplementedError: ChangshaSpider.parse callback is not defined
2023-09-28 03:39:28 [scrapy.core.scraper] ERROR: Spider error processing <GET https://callback.58.com/antibot/verifycode?serialId=9781bd1909b5aea2aac4c8af8abb95ed_cf2a6ac036a64431bed441af4ba6c2db&code=100&sign=da260ee33da99e5833974984400b0bfa&namespace=cloud_zufang_php_houselist&url=https%3A%2F%2Fcs.58.com%2Fzufang%2F> (referer: None)
Traceback (most recent call last):
  File "C:\Users\bzz00\PycharmProjects\pythonProject\pythonProject1\venv\lib\site-packages\scrapy\utils\defer.py", line 277, in iter_errback
    yield next(it)
  File "C:\Users\bzz00\PycharmProjects\pythonProject\pythonProject1\venv\lib\site-packages\scrapy\utils\python.py", line 350, in __next__
    return next(self.data)
  File "C:\Users\bzz00\PycharmProjects\pythonProject\pythonProject1\venv\lib\site-packages\scrapy\utils\python.py", line 350, in __next__
    return next(self.data)
  File "C:\Users\bzz00\PycharmProjects\pythonProject\pythonProject1\venv\lib\site-packages\scrapy\core\spidermw.py", line 106, in process_sync
    for r in iterable:
  File "C:\Users\bzz00\PycharmProjects\pythonProject\pythonProject1\venv\lib\site-packages\scrapy\spidermiddlewares\offsite.py", line 28, in <genexpr>
    return (r for r in result or () if self._filter(r, spider))
  File "C:\Users\bzz00\PycharmProjects\pythonProject\pythonProject1\venv\lib\site-packages\scrapy\core\spidermw.py", line 106, in process_sync
    for r in iterable:
  File "C:\Users\bzz00\PycharmProjects\pythonProject\pythonProject1\venv\lib\site-packages\scrapy\spidermiddlewares\referer.py", line 352, in <genexpr>
    return (self._set_referer(r, response) for r in result or ())
  File "C:\Users\bzz00\PycharmProjects\pythonProject\pythonProject1\venv\lib\site-packages\scrapy\core\spidermw.py", line 106, in process_sync
    for r in iterable:
  File "C:\Users\bzz00\PycharmProjects\pythonProject\pythonProject1\venv\lib\site-packages\scrapy\spidermiddlewares\urllength.py", line 27, in <genexpr>
    return (r for r in result or () if self._filter(r, spider))
  File "C:\Users\bzz00\PycharmProjects\pythonProject\pythonProject1\venv\lib\site-packages\scrapy\core\spidermw.py", line 106, in process_sync
    for r in iterable:
  File "C:\Users\bzz00\PycharmProjects\pythonProject\pythonProject1\venv\lib\site-packages\scrapy\spidermiddlewares\depth.py", line 31, in <genexpr>
    return (r for r in result or () if self._filter(r, response, spider))
  File "C:\Users\bzz00\PycharmProjects\pythonProject\pythonProject1\venv\lib\site-packages\scrapy\core\spidermw.py", line 106, in process_sync
    for r in iterable:
  File "C:\Users\bzz00\PycharmProjects\pythonProject\spider\scrapy库\house\house\spiders\changsha.py", line 16, in parse
    for i in range(int(max_page)):
TypeError: int() argument must be a string, a bytes-like object or a number, not 'NoneType'
2023-09-28 03:40:05 [scrapy.core.scraper] ERROR: Spider error processing <GET https://callback.58.com/antibot/verifycode?serialId=9781bd1909b5aea2aac4c8af8abb95ed_818e86b04fe74647a104691c52f5df1f&code=100&sign=37b804fd749a4505ac5cf59c0518317e&namespace=cloud_zufang_php_houselist&url=https%3A%2F%2Fcs.58.com%2Fzufang%2F> (referer: None)
Traceback (most recent call last):
  File "C:\Users\bzz00\PycharmProjects\pythonProject\pythonProject1\venv\lib\site-packages\scrapy\utils\defer.py", line 277, in iter_errback
    yield next(it)
  File "C:\Users\bzz00\PycharmProjects\pythonProject\pythonProject1\venv\lib\site-packages\scrapy\utils\python.py", line 350, in __next__
    return next(self.data)
  File "C:\Users\bzz00\PycharmProjects\pythonProject\pythonProject1\venv\lib\site-packages\scrapy\utils\python.py", line 350, in __next__
    return next(self.data)
  File "C:\Users\bzz00\PycharmProjects\pythonProject\pythonProject1\venv\lib\site-packages\scrapy\core\spidermw.py", line 106, in process_sync
    for r in iterable:
  File "C:\Users\bzz00\PycharmProjects\pythonProject\pythonProject1\venv\lib\site-packages\scrapy\spidermiddlewares\offsite.py", line 28, in <genexpr>
    return (r for r in result or () if self._filter(r, spider))
  File "C:\Users\bzz00\PycharmProjects\pythonProject\pythonProject1\venv\lib\site-packages\scrapy\core\spidermw.py", line 106, in process_sync
    for r in iterable:
  File "C:\Users\bzz00\PycharmProjects\pythonProject\pythonProject1\venv\lib\site-packages\scrapy\spidermiddlewares\referer.py", line 352, in <genexpr>
    return (self._set_referer(r, response) for r in result or ())
  File "C:\Users\bzz00\PycharmProjects\pythonProject\pythonProject1\venv\lib\site-packages\scrapy\core\spidermw.py", line 106, in process_sync
    for r in iterable:
  File "C:\Users\bzz00\PycharmProjects\pythonProject\pythonProject1\venv\lib\site-packages\scrapy\spidermiddlewares\urllength.py", line 27, in <genexpr>
    return (r for r in result or () if self._filter(r, spider))
  File "C:\Users\bzz00\PycharmProjects\pythonProject\pythonProject1\venv\lib\site-packages\scrapy\core\spidermw.py", line 106, in process_sync
    for r in iterable:
  File "C:\Users\bzz00\PycharmProjects\pythonProject\pythonProject1\venv\lib\site-packages\scrapy\spidermiddlewares\depth.py", line 31, in <genexpr>
    return (r for r in result or () if self._filter(r, response, spider))
  File "C:\Users\bzz00\PycharmProjects\pythonProject\pythonProject1\venv\lib\site-packages\scrapy\core\spidermw.py", line 106, in process_sync
    for r in iterable:
  File "C:\Users\bzz00\PycharmProjects\pythonProject\spider\scrapy库\house\house\spiders\changsha.py", line 17, in parse
    for i in range(int(max_page)):
TypeError: int() argument must be a string, a bytes-like object or a number, not 'NoneType'
